[INFO]

		********** Running dockerfile rebuild script on 2022-09-14 09:34:10.448861 ********** 


[INFO] Updated docker/devel/Dockerfile with version 0.1.2.
[INFO] Updated docker/latest/Dockerfile with version 0.1.2.
[INFO] Running docker build -t abhibp1993/ggsolver:devel docker\devel
[INFO] SUCCESS!! Updated abhibp1993/ggsolver:devel image.
[INFO] Running docker push abhibp1993/ggsolver:devel
[INFO] SUCCESS!! Pushed abhibp1993/ggsolver:devel image.
[INFO] Running docker build -t abhibp1993/ggsolver:latest docker\latest
[INFO] SUCCESS!! Updated abhibp1993/ggsolver:latest image.
[INFO] Running docker push abhibp1993/ggsolver:latest
[INFO] SUCCESS!! Pushed abhibp1993/ggsolver:latest image.
[INFO] 

		********** Running dockerfile rebuild script on 2022-09-17 15:21:48.567475 ********** 


[INFO] Updated docker/devel/Dockerfile with version 0.1.3.
[INFO] Updated docker/latest/Dockerfile with version 0.1.3.
[INFO] Running docker build -t abhibp1993/ggsolver:devel docker\devel
[INFO] SUCCESS!! Updated abhibp1993/ggsolver:devel image.
[INFO] Running docker push abhibp1993/ggsolver:devel
[INFO] PROBLEMS!! Did NOT push abhibp1993/ggsolver:devel image.
[INFO] Running docker build -t abhibp1993/ggsolver:latest docker\latest
[INFO] SUCCESS!! Updated abhibp1993/ggsolver:latest image.
[INFO] Running docker push abhibp1993/ggsolver:latest
[INFO] PROBLEMS!! Did NOT push abhibp1993/ggsolver:latest image.
[INFO] 

		********** Running dockerfile rebuild script on 2022-09-17 15:22:21.322606 ********** 


[INFO] Updated docker/devel/Dockerfile with version 0.1.3.
[INFO] Updated docker/latest/Dockerfile with version 0.1.3.
[INFO] Running docker build -t abhibp1993/ggsolver:devel docker\devel
[INFO] SUCCESS!! Updated abhibp1993/ggsolver:devel image.
[INFO] Running docker push abhibp1993/ggsolver:devel
[INFO] SUCCESS!! Pushed abhibp1993/ggsolver:devel image.
[INFO] Running docker build -t abhibp1993/ggsolver:latest docker\latest
[INFO] SUCCESS!! Updated abhibp1993/ggsolver:latest image.
[INFO] Running docker push abhibp1993/ggsolver:latest
[INFO] SUCCESS!! Pushed abhibp1993/ggsolver:latest image.
[INFO] 

		********** Running dockerfile rebuild script on 2022-09-22 21:34:32.733699 ********** 


[INFO] Updated docker/devel/Dockerfile with version 0.1.4.
[INFO] Updated docker/latest/Dockerfile with version 0.1.4.
[INFO] Running docker build -t abhibp1993/ggsolver:devel docker\devel
[INFO] SUCCESS!! Updated abhibp1993/ggsolver:devel image.
[INFO] Running docker push abhibp1993/ggsolver:devel
[INFO] PROBLEMS!! Did NOT push abhibp1993/ggsolver:devel image.
[INFO] Running docker build -t abhibp1993/ggsolver:latest docker\latest
[INFO] SUCCESS!! Updated abhibp1993/ggsolver:latest image.
[INFO] Running docker push abhibp1993/ggsolver:latest
[INFO] PROBLEMS!! Did NOT push abhibp1993/ggsolver:latest image.
[INFO] 

		********** Running dockerfile rebuild script on 2022-09-22 21:35:04.516457 ********** 


[INFO] Updated docker/devel/Dockerfile with version 0.1.4.
[INFO] Updated docker/latest/Dockerfile with version 0.1.4.
[INFO] Running docker build -t abhibp1993/ggsolver:devel docker\devel
[INFO] SUCCESS!! Updated abhibp1993/ggsolver:devel image.
[INFO] Running docker push abhibp1993/ggsolver:devel
[INFO] SUCCESS!! Pushed abhibp1993/ggsolver:devel image.
[INFO] Running docker build -t abhibp1993/ggsolver:latest docker\latest
[INFO] SUCCESS!! Updated abhibp1993/ggsolver:latest image.
[INFO] Running docker push abhibp1993/ggsolver:latest
[INFO] SUCCESS!! Pushed abhibp1993/ggsolver:latest image.
[INFO] 

		********** Running dockerfile rebuild script on 2022-09-22 21:38:58.148099 ********** 


[INFO] Updated docker/devel/Dockerfile with version 0.1.4.
[INFO] Updated docker/latest/Dockerfile with version 0.1.4.
[INFO] Running docker build -t abhibp1993/ggsolver:devel docker\devel
[INFO] SUCCESS!! Updated abhibp1993/ggsolver:devel image.
[INFO] Running docker push abhibp1993/ggsolver:devel
[INFO] SUCCESS!! Pushed abhibp1993/ggsolver:devel image.
[INFO] Running docker build -t abhibp1993/ggsolver:latest docker\latest
[INFO] SUCCESS!! Updated abhibp1993/ggsolver:latest image.
[INFO] Running docker push abhibp1993/ggsolver:latest
[INFO] SUCCESS!! Pushed abhibp1993/ggsolver:latest image.
[INFO]

		********** Running dockerfile rebuild script on 2022-09-29 11:51:51.577911 **********


[INFO]

		********** Running dockerfile rebuild script on 2022-09-29 11:53:06.152806 **********


[INFO] Updated E:\Github-Projects\ggsolver\docker\devel/Dockerfile with version 0.1.4.
[INFO] Updated E:\Github-Projects\ggsolver\docker\latest/Dockerfile with version 0.1.4.
[INFO] Running docker build -t abhibp1993/ggsolver:devel docker\devel
[ERROR] PROBLEMS!! Did NOT update abhibp1993/ggsolver:devel image.
[INFO] Running docker push abhibp1993/ggsolver:devel
[INFO] SUCCESS!! Pushed abhibp1993/ggsolver:devel image.
[INFO] Running docker build -t abhibp1993/ggsolver:latest docker\latest
[ERROR] PROBLEMS!! Did NOT update abhibp1993/ggsolver:latest image.
[INFO] Running docker push abhibp1993/ggsolver:latest
[INFO] SUCCESS!! Pushed abhibp1993/ggsolver:latest image.
[INFO]

		********** Running dockerfile rebuild script on 2022-09-29 11:55:41.823113 **********


[INFO] Updated E:\Github-Projects\ggsolver\docker\devel/Dockerfile with version 0.1.4.
[INFO] Updated E:\Github-Projects\ggsolver\docker\latest/Dockerfile with version 0.1.4.
[INFO] Running docker build -t abhibp1993/ggsolver:devel E:\Github-Projects\ggsolver\docker\devel
[INFO] SUCCESS!! Updated abhibp1993/ggsolver:devel image.
[INFO] Running docker push abhibp1993/ggsolver:devel
[INFO] SUCCESS!! Pushed abhibp1993/ggsolver:devel image.
[INFO] Running docker build -t abhibp1993/ggsolver:latest E:\Github-Projects\ggsolver\docker\latest
[INFO] SUCCESS!! Updated abhibp1993/ggsolver:latest image.
[INFO] Running docker push abhibp1993/ggsolver:latest
[INFO] SUCCESS!! Pushed abhibp1993/ggsolver:latest image.
[INFO] 

		********** Running dockerfile rebuild script on 2022-09-29 11:57:45.130947 ********** 


[INFO] Updated E:\Github-Projects\ggsolver\docker\devel/Dockerfile with version 0.1.4.
[INFO] Updated E:\Github-Projects\ggsolver\docker\latest/Dockerfile with version 0.1.4.
[INFO] Running docker build -t abhibp1993/ggsolver:devel E:\Github-Projects\ggsolver\docker\devel
[INFO] SUCCESS!! Updated abhibp1993/ggsolver:devel image.
[INFO] Running docker push abhibp1993/ggsolver:devel
[INFO] SUCCESS!! Pushed abhibp1993/ggsolver:devel image.
[INFO] Running docker build -t abhibp1993/ggsolver:latest E:\Github-Projects\ggsolver\docker\latest
[INFO] SUCCESS!! Updated abhibp1993/ggsolver:latest image.
[INFO] Running docker push abhibp1993/ggsolver:latest
[INFO] SUCCESS!! Pushed abhibp1993/ggsolver:latest image.
[INFO] 

		********** Running dockerfile rebuild script on 2022-09-29 11:59:20.120996 ********** 


[INFO] Updated E:\Github-Projects\ggsolver\docker\devel/Dockerfile with version 0.1.4.
[INFO] Updated E:\Github-Projects\ggsolver\docker\latest/Dockerfile with version 0.1.4.
[INFO] Running docker build -t abhibp1993/ggsolver:devel E:\Github-Projects\ggsolver\docker\devel
[INFO] SUCCESS!! Updated abhibp1993/ggsolver:devel image.
[INFO] Running docker push abhibp1993/ggsolver:devel
[INFO] 

		********** Running dockerfile rebuild script on 2022-09-29 15:14:41.086774 ********** 


[INFO] Updated E:\Github-Projects\ggsolver\docker\devel/Dockerfile with version 0.1.4.
[INFO] Updated E:\Github-Projects\ggsolver\docker\latest/Dockerfile with version 0.1.4.
[INFO] Running docker build -t abhibp1993/ggsolver:devel E:\Github-Projects\ggsolver\docker\devel
[INFO] SUCCESS!! Updated abhibp1993/ggsolver:devel image.
[INFO] Running docker push abhibp1993/ggsolver:devel
[INFO] SUCCESS!! Pushed abhibp1993/ggsolver:devel image.
[INFO] Running docker build -t abhibp1993/ggsolver:latest E:\Github-Projects\ggsolver\docker\latest
[INFO] SUCCESS!! Updated abhibp1993/ggsolver:latest image.
[INFO] Running docker push abhibp1993/ggsolver:latest
[INFO] SUCCESS!! Pushed abhibp1993/ggsolver:latest image.
[INFO] 

		********** Running dockerfile rebuild script on 2022-09-29 21:13:33.248644 ********** 


[INFO] Updated E:\Github-Projects\ggsolver\docker\devel/Dockerfile with version 0.1.4.
[INFO] Updated E:\Github-Projects\ggsolver\docker\latest/Dockerfile with version 0.1.4.
[INFO] Running docker build -t abhibp1993/ggsolver:devel E:\Github-Projects\ggsolver\docker\devel
[INFO] SUCCESS!! Updated abhibp1993/ggsolver:devel image.
[INFO] Running docker push abhibp1993/ggsolver:devel
[INFO] SUCCESS!! Pushed abhibp1993/ggsolver:devel image.
[INFO] Running docker build -t abhibp1993/ggsolver:latest E:\Github-Projects\ggsolver\docker\latest
[INFO] SUCCESS!! Updated abhibp1993/ggsolver:latest image.
[INFO] Running docker push abhibp1993/ggsolver:latest
[INFO] SUCCESS!! Pushed abhibp1993/ggsolver:latest image.
[INFO] 

		********** Running dockerfile rebuild script on 2022-09-29 21:15:59.156735 ********** 


[INFO] Updated E:\Github-Projects\ggsolver\docker\devel/Dockerfile with version 0.1.4.
[INFO] Updated E:\Github-Projects\ggsolver\docker\latest/Dockerfile with version 0.1.4.
[INFO] Running docker build -t abhibp1993/ggsolver:devel E:\Github-Projects\ggsolver\docker\devel
[INFO] SUCCESS!! Updated abhibp1993/ggsolver:devel image.
[INFO] Running docker push abhibp1993/ggsolver:devel
[INFO] SUCCESS!! Pushed abhibp1993/ggsolver:devel image.
[INFO] Running docker build -t --no-cache abhibp1993/ggsolver:latest E:\Github-Projects\ggsolver\docker\latest
[ERROR] PROBLEMS!! Did NOT update abhibp1993/ggsolver:latest image.
[INFO] Running docker push abhibp1993/ggsolver:latest
[INFO] SUCCESS!! Pushed abhibp1993/ggsolver:latest image.
[INFO] 

		********** Running dockerfile rebuild script on 2022-09-29 21:16:57.894041 ********** 


[INFO] Updated E:\Github-Projects\ggsolver\docker\devel/Dockerfile with version 0.1.4.
[INFO] Updated E:\Github-Projects\ggsolver\docker\latest/Dockerfile with version 0.1.4.
[INFO] Running docker build -t abhibp1993/ggsolver:devel E:\Github-Projects\ggsolver\docker\devel
[INFO] SUCCESS!! Updated abhibp1993/ggsolver:devel image.
[INFO] Running docker push abhibp1993/ggsolver:devel
[INFO] SUCCESS!! Pushed abhibp1993/ggsolver:devel image.
[INFO] Running docker build --no-cache -t abhibp1993/ggsolver:latest E:\Github-Projects\ggsolver\docker\latest
[INFO] SUCCESS!! Updated abhibp1993/ggsolver:latest image.
[INFO] Running docker push abhibp1993/ggsolver:latest
[INFO] SUCCESS!! Pushed abhibp1993/ggsolver:latest image.
[INFO] 

		********** Running dockerfile rebuild script on 2022-10-18 17:00:23.444018 ********** 


[INFO] Updated E:\Github-Projects\ggsolver\docker\devel/Dockerfile with version 0.1.5.
[INFO] Updated E:\Github-Projects\ggsolver\docker\latest/Dockerfile with version 0.1.5.
[INFO] Running docker build -t abhibp1993/ggsolver:devel E:\Github-Projects\ggsolver\docker\devel
[INFO] SUCCESS!! Updated abhibp1993/ggsolver:devel image.
[INFO] Running docker push abhibp1993/ggsolver:devel
[INFO] SUCCESS!! Pushed abhibp1993/ggsolver:devel image.
[INFO] Running docker build --no-cache -t abhibp1993/ggsolver:latest E:\Github-Projects\ggsolver\docker\latest
[INFO] SUCCESS!! Updated abhibp1993/ggsolver:latest image.
[INFO] Running docker push abhibp1993/ggsolver:latest
[INFO] SUCCESS!! Pushed abhibp1993/ggsolver:latest image.
[INFO] 

		********** Running dockerfile rebuild script on 2022-11-19 18:39:14.633363 ********** 


[INFO] Updated E:\Github-Projects\ggsolver\docker\devel/Dockerfile with version 0.1.5.
[INFO] Updated E:\Github-Projects\ggsolver\docker\latest/Dockerfile with version 0.1.5.
[INFO] Running docker build -t abhibp1993/ggsolver:devel E:\Github-Projects\ggsolver\docker\devel
[INFO] SUCCESS!! Updated abhibp1993/ggsolver:devel image.
[INFO] Running docker push abhibp1993/ggsolver:devel
[INFO] SUCCESS!! Pushed abhibp1993/ggsolver:devel image.
[INFO] Running docker build --no-cache -t abhibp1993/ggsolver:latest E:\Github-Projects\ggsolver\docker\latest
[INFO] SUCCESS!! Updated abhibp1993/ggsolver:latest image.
[INFO] Running docker push abhibp1993/ggsolver:latest
[INFO] SUCCESS!! Pushed abhibp1993/ggsolver:latest image.
[INFO] 

		********** Running dockerfile rebuild script on 2022-11-21 16:18:11.243909 ********** 


[INFO] Updated E:\Github-Repositories\ggsolver\docker\devel/Dockerfile with version 0.1.6.
[INFO] Updated E:\Github-Repositories\ggsolver\docker\latest/Dockerfile with version 0.1.6.
[INFO] Running docker build -t abhibp1993/ggsolver:devel E:\Github-Repositories\ggsolver\docker\devel
[INFO] SUCCESS!! Updated abhibp1993/ggsolver:devel image.
[INFO] Running docker push abhibp1993/ggsolver:devel
[INFO] SUCCESS!! Pushed abhibp1993/ggsolver:devel image.
[INFO] Running docker build --no-cache -t abhibp1993/ggsolver:latest E:\Github-Repositories\ggsolver\docker\latest
[INFO] SUCCESS!! Updated abhibp1993/ggsolver:latest image.
[INFO] Running docker push abhibp1993/ggsolver:latest
[INFO] SUCCESS!! Pushed abhibp1993/ggsolver:latest image.
[INFO] 

		********** Running dockerfile rebuild script on 2022-11-21 16:33:37.284802 ********** 


[INFO] Updated E:\Github-Repositories\ggsolver\docker\devel/Dockerfile with version 0.1.6.
[INFO] Updated E:\Github-Repositories\ggsolver\docker\latest/Dockerfile with version 0.1.6.
[INFO] Running docker build -t abhibp1993/ggsolver:devel E:\Github-Repositories\ggsolver\docker\devel
[INFO] SUCCESS!! Updated abhibp1993/ggsolver:devel image.
[INFO] Running docker push abhibp1993/ggsolver:devel
[INFO] SUCCESS!! Pushed abhibp1993/ggsolver:devel image.
[INFO] Running docker build --no-cache -t abhibp1993/ggsolver:latest E:\Github-Repositories\ggsolver\docker\latest
[INFO] SUCCESS!! Updated abhibp1993/ggsolver:latest image.
[INFO] Running docker push abhibp1993/ggsolver:latest
[INFO] SUCCESS!! Pushed abhibp1993/ggsolver:latest image.
[INFO] 

		********** Running dockerfile rebuild script w/ ver. 0.1.6 on 2022-11-21 16:41:30.570012 ********** 


[INFO] 

		********** Running dockerfile rebuild script w/ ver. 0.1.6 on 2022-11-21 16:42:43.819968 ********** 


[INFO] 

		********** Running dockerfile rebuild script w/ ver. 0.1.6 on 2022-11-21 16:43:01.555292 ********** 


[INFO] 

		********** Running dockerfile rebuild script w/ ver. 0.1.6 on 2022-11-21 16:44:18.073793 ********** 


[INFO] 

		********** Running dockerfile rebuild script w/ ver. 0.1.6 on 2022-11-21 16:44:40.694041 ********** 


[INFO] 

		********** Running dockerfile rebuild script w/ ver. 0.1.6 on 2022-11-21 16:45:04.001202 ********** 


[INFO] 

		********** Running dockerfile rebuild script w/ ver. 0.1.6 on 2022-11-21 16:45:27.257474 ********** 


[INFO] 

		********** Running dockerfile rebuild script w/ ver. 0.1.6 on 2022-11-21 16:45:53.424827 ********** 


[INFO] 

		********** Running dockerfile rebuild script w/ ver. 0.1.6 on 2022-11-21 16:46:13.961494 ********** 


[INFO] 

		********** Running dockerfile rebuild script w/ ver. 0.1.6 on 2022-11-21 16:46:40.918498 ********** 


[INFO] 

		********** Running dockerfile rebuild script w/ ver. 0.1.6 on 2022-11-21 16:46:52.596425 ********** 


[INFO] 

		********** Running dockerfile rebuild script w/ ver. 0.1.6 on 2022-11-21 16:47:54.306825 ********** 


[INFO] 

		********** Running dockerfile rebuild script w/ ver. 0.1.6 on 2022-11-21 16:49:33.425440 ********** 


[INFO] 

		********** Running dockerfile rebuild script w/ ver. 0.1.6 on 2022-11-21 16:49:42.436348 ********** 


[INFO] 

		********** Running dockerfile rebuild script w/ ver. 0.1.6 on 2022-11-21 16:49:56.445393 ********** 


[INFO] 

		********** Running dockerfile rebuild script w/ ver. 0.1.6 on 2022-11-21 16:51:43.060799 ********** 


[INFO] 

		********** Running dockerfile rebuild script w/ ver. 0.1.6 on 2022-11-21 16:52:01.033424 ********** 


[INFO] 

		********** Running dockerfile rebuild script w/ ver. 0.1.6 on 2022-11-21 16:52:12.445162 ********** 


[INFO] 

		********** Running dockerfile rebuild script w/ ver. 0.1.6 on 2022-11-21 16:52:17.350517 ********** 


[INFO] 

		********** Running dockerfile rebuild script w/ ver. 0.1.6 on 2022-11-21 16:52:41.950267 ********** 


[INFO] 

		********** Running dockerfile rebuild script w/ ver. 0.1.6 on 2022-11-21 16:55:53.169907 ********** 


[INFO] Updated E:\Github-Repositories\ggsolver\docker\devel/Dockerfile with version 0.1.6.
[INFO] Updated E:\Github-Repositories\ggsolver\docker\latest/Dockerfile with version 0.1.6.
[INFO] Running docker build -t abhibp1993/ggsolver:devel E:\Github-Repositories\ggsolver\docker\devel
[INFO] SUCCESS!! Updated abhibp1993/ggsolver:devel image.
[INFO] Running docker push abhibp1993/ggsolver:devel
[INFO] SUCCESS!! Pushed abhibp1993/ggsolver:devel image.
[INFO] Running docker build --no-cache -t abhibp1993/ggsolver:latest E:\Github-Repositories\ggsolver\docker\latest
[INFO] SUCCESS!! Updated abhibp1993/ggsolver:latest image.
[INFO] Running docker push abhibp1993/ggsolver:latest
[INFO] SUCCESS!! Pushed abhibp1993/ggsolver:latest image.
